<?xml version="1.0" encoding="utf-8"?>
<?AutomationStudio Version="4.2.10.53 SP"?>
<Objects>
  <Object
    Path="F:\1_Automation_projects\Vrtalka\Logical\Package.pkg"
    LogicalPath=""
    Type="Package"
    LastWriteTime="132279700533709891" />
  <Object
    Path="F:\1_Automation_projects\Vrtalka\Logical\Global.typ"
    LogicalPath="Global.typ"
    Type="File"
    LastWriteTime="132279697095254229"
    Private="false" />
  <Object
    Path="F:\1_Automation_projects\Vrtalka\Logical\Global.var"
    LogicalPath="Global.var"
    Type="File"
    LastWriteTime="132279697095453085"
    Private="false" />
  <Object
    Path="F:\1_Automation_projects\Vrtalka\Logical\Libraries\Package.pkg"
    LogicalPath="Libraries"
    Type="Package"
    LastWriteTime="132279697112247965" />
  <Object
    Path="F:\1_Automation_projects\Vrtalka\Logical\Libraries\operator\Binary.lby"
    LogicalPath="Libraries.operator"
    Type="Library"
    LastWriteTime="132279697103854430" />
  <Object
    Path="F:\1_Automation_projects\Vrtalka\Logical\Libraries\operator\operator.fun"
    LogicalPath="Libraries.operator.operator.fun"
    Type="File"
    LastWriteTime="132279697103254210"
    Private="false" />
  <Object
    Path="F:\1_Automation_projects\Vrtalka\Logical\Libraries\operator\operator.typ"
    LogicalPath="Libraries.operator.operator.typ"
    Type="File"
    LastWriteTime="132279697103454030"
    Private="false" />
  <Object
    Path="F:\1_Automation_projects\Vrtalka\Logical\Libraries\operator\operator.var"
    LogicalPath="Libraries.operator.operator.var"
    Type="File"
    LastWriteTime="132279697103634715"
    Private="false" />
  <Object
    Path="F:\1_Automation_projects\Vrtalka\Logical\Libraries\runtime\Binary.lby"
    LogicalPath="Libraries.runtime"
    Type="Library"
    LastWriteTime="132279697106749251" />
  <Object
    Path="F:\1_Automation_projects\Vrtalka\Logical\Libraries\runtime\runtime.fun"
    LogicalPath="Libraries.runtime.runtime.fun"
    Type="File"
    LastWriteTime="132279697106554229"
    Private="false" />
  <Object
    Path="F:\1_Automation_projects\Vrtalka\Logical\Libraries\runtime\runtime.typ"
    LogicalPath="Libraries.runtime.runtime.typ"
    Type="File"
    LastWriteTime="132279697106651005"
    Private="false" />
  <Object
    Path="F:\1_Automation_projects\Vrtalka\Logical\Libraries\runtime\runtime.var"
    LogicalPath="Libraries.runtime.runtime.var"
    Type="File"
    LastWriteTime="132279697106749251"
    Private="false" />
  <Object
    Path="F:\1_Automation_projects\Vrtalka\Logical\Libraries\astime\Binary.lby"
    LogicalPath="Libraries.astime"
    Type="Library"
    LastWriteTime="132279697109548787" />
  <Object
    Path="F:\1_Automation_projects\Vrtalka\Logical\Libraries\astime\astime.fun"
    LogicalPath="Libraries.astime.astime.fun"
    Type="File"
    LastWriteTime="132279697109350492"
    Private="false" />
  <Object
    Path="F:\1_Automation_projects\Vrtalka\Logical\Libraries\astime\astime.typ"
    LogicalPath="Libraries.astime.astime.typ"
    Type="File"
    LastWriteTime="132279697109350492"
    Private="false" />
  <Object
    Path="F:\1_Automation_projects\Vrtalka\Logical\Libraries\astime\astime.var"
    LogicalPath="Libraries.astime.astime.var"
    Type="File"
    LastWriteTime="132279697109451207"
    Private="false" />
  <Object
    Path="F:\1_Automation_projects\Vrtalka\Logical\Libraries\AsIecCon\Binary.lby"
    LogicalPath="Libraries.AsIecCon"
    Type="Library"
    LastWriteTime="132279697112101001" />
  <Object
    Path="F:\1_Automation_projects\Vrtalka\Logical\Libraries\AsIecCon\AsIecCon.fun"
    LogicalPath="Libraries.AsIecCon.AsIecCon.fun"
    Type="File"
    LastWriteTime="132279697111847158"
    Private="false" />
  <Object
    Path="F:\1_Automation_projects\Vrtalka\Logical\Libraries\AsIecCon\AsIecCon.typ"
    LogicalPath="Libraries.AsIecCon.AsIecCon.typ"
    Type="File"
    LastWriteTime="132279697111947907"
    Private="false" />
  <Object
    Path="F:\1_Automation_projects\Vrtalka\Logical\Libraries\AsIecCon\AsIecCon.var"
    LogicalPath="Libraries.AsIecCon.AsIecCon.var"
    Type="File"
    LastWriteTime="132279697111947907"
    Private="false" />
  <Object
    Path="F:\1_Automation_projects\Vrtalka\Logical\Program\IEC.prg"
    LogicalPath="Program"
    Type="Program"
    LastWriteTime="132280680717913749" />
  <Object
    Path="F:\1_Automation_projects\Vrtalka\Logical\Program\Cyclic.st"
    LogicalPath="Program.Cyclic.st"
    Type="File"
    LastWriteTime="132279697818045025"
    Private="false" />
  <Object
    Path="F:\1_Automation_projects\Vrtalka\Logical\Program\Init.st"
    LogicalPath="Program.Init.st"
    Type="File"
    LastWriteTime="132280681924924267"
    Private="false" />
  <Object
    Path="F:\1_Automation_projects\Vrtalka\Logical\Program\Exit.st"
    LogicalPath="Program.Exit.st"
    Type="File"
    LastWriteTime="132279697818245290"
    Private="false" />
  <Object
    Path="F:\1_Automation_projects\Vrtalka\Logical\Program\Types.typ"
    LogicalPath="Program.Types.typ"
    Type="File"
    LastWriteTime="132279697818295361"
    Private="true" />
  <Object
    Path="F:\1_Automation_projects\Vrtalka\Logical\Program\Variables.var"
    LogicalPath="Program.Variables.var"
    Type="File"
    LastWriteTime="132280546063818869"
    Private="true" />
  <Object
    Path="F:\1_Automation_projects\Vrtalka\Logical\VrtalkaHMI\Vc.dob"
    LogicalPath="VrtalkaHMI"
    Type="DataObject"
    LastWriteTime="132279700533277935" />
  <Object
    Path="F:\1_Automation_projects\Vrtalka\Logical\VrtalkaHMI\VCObject.vc"
    LogicalPath="VrtalkaHMI.VCObject.vc"
    Type="File"
    LastWriteTime="132279700533177450"
    Private="false" />
  <Object
    Path="F:\1_Automation_projects\Vrtalka\Physical\HW_config\Config.pkg"
    LogicalPath="HW_config"
    Type="Configuration"
    LastWriteTime="132279697268953084" />
  <Object
    Path="F:\1_Automation_projects\Vrtalka\Physical\HW_config\Hardware.hw"
    LogicalPath="HW_config.Hardware.hw"
    Type="File"
    LastWriteTime="132280886734617071"
    Private="false" />
  <Object
    Path="F:\1_Automation_projects\Vrtalka\Physical\HW_config\Hardware.hwl"
    LogicalPath="HW_config.Hardware.hwl"
    Type="File"
    LastWriteTime="132280673979665897"
    Private="false" />
  <Object
    Path="F:\1_Automation_projects\Vrtalka\Physical\HW_config\4PPC70_101G_20B\Cpu.pkg"
    LogicalPath="HW_config.4PPC70_101G_20B"
    Type="Cpu"
    LastWriteTime="132279697139348454" />
  <Object
    Path="F:\1_Automation_projects\Vrtalka\Physical\HW_config\4PPC70_101G_20B\Cpu.sw"
    LogicalPath="HW_config.4PPC70_101G_20B.Cpu.sw"
    Type="File"
    LastWriteTime="132279700537210414"
    Private="false" />
  <Object
    Path="F:\1_Automation_projects\Vrtalka\Physical\HW_config\4PPC70_101G_20B\Cpu.per"
    LogicalPath="HW_config.4PPC70_101G_20B.Cpu.per"
    Type="File"
    LastWriteTime="132279697117448603"
    Private="false" />
  <Object
    Path="F:\1_Automation_projects\Vrtalka\Physical\HW_config\4PPC70_101G_20B\IoMap.iom"
    LogicalPath="HW_config.4PPC70_101G_20B.IoMap.iom"
    Type="File"
    LastWriteTime="132279697117650588"
    Private="false" />
  <Object
    Path="F:\1_Automation_projects\Vrtalka\Physical\HW_config\4PPC70_101G_20B\PvMap.vvm"
    LogicalPath="HW_config.4PPC70_101G_20B.PvMap.vvm"
    Type="File"
    LastWriteTime="132279697117749347"
    Private="false" />
  <Object
    Path="F:\1_Automation_projects\Vrtalka\Physical\HW_config\4PPC70_101G_20B\mapp\Package.pkg"
    LogicalPath="HW_config.4PPC70_101G_20B.mapp"
    Type="Package"
    LastWriteTime="132279697119351469" />
  <Object
    Path="F:\1_Automation_projects\Vrtalka\Physical\HW_config\4PPC70_101G_20B\Connectivity\Package.pkg"
    LogicalPath="HW_config.4PPC70_101G_20B.Connectivity"
    Type="Package"
    LastWriteTime="132279697119702169" />
  <Object
    Path="F:\1_Automation_projects\Vrtalka\Physical\HW_config\4PPC70_101G_20B\Connectivity\OpcUA\Package.pkg"
    LogicalPath="HW_config.4PPC70_101G_20B.Connectivity.OpcUA"
    Type="Package"
    LastWriteTime="132279697119552531" />
  <Object
    Path="F:\1_Automation_projects\Vrtalka\Physical\HW_config\4PPC70_101G_20B\TextSystem\Package.pkg"
    LogicalPath="HW_config.4PPC70_101G_20B.TextSystem"
    Type="Package"
    LastWriteTime="132279697119848990" />
  <Object
    Path="F:\1_Automation_projects\Vrtalka\Physical\HW_config\4PPC70_101G_20B\AccessAndSecurity\Package.pkg"
    LogicalPath="HW_config.4PPC70_101G_20B.AccessAndSecurity"
    Type="Package"
    LastWriteTime="132279697121351630" />
  <Object
    Path="F:\1_Automation_projects\Vrtalka\Physical\HW_config\4PPC70_101G_20B\AccessAndSecurity\UserRoleSystem\Package.pkg"
    LogicalPath="HW_config.4PPC70_101G_20B.AccessAndSecurity.UserRoleSystem"
    Type="Package"
    LastWriteTime="132279697120249855" />
  <Object
    Path="F:\1_Automation_projects\Vrtalka\Physical\HW_config\4PPC70_101G_20B\AccessAndSecurity\UserRoleSystem\Role.role"
    LogicalPath="HW_config.4PPC70_101G_20B.AccessAndSecurity.UserRoleSystem.Role.role"
    Type="File"
    LastWriteTime="132279697120150157"
    Private="false" />
  <Object
    Path="F:\1_Automation_projects\Vrtalka\Physical\HW_config\4PPC70_101G_20B\AccessAndSecurity\UserRoleSystem\User.user"
    LogicalPath="HW_config.4PPC70_101G_20B.AccessAndSecurity.UserRoleSystem.User.user"
    Type="File"
    LastWriteTime="132279697120249855"
    Private="false" />
  <Object
    Path="F:\1_Automation_projects\Vrtalka\Physical\HW_config\4PPC70_101G_20B\AccessAndSecurity\CertificateStore\Package.pkg"
    LogicalPath="HW_config.4PPC70_101G_20B.AccessAndSecurity.CertificateStore"
    Type="Package"
    LastWriteTime="132279697121200110" />
  <Object
    Path="F:\1_Automation_projects\Vrtalka\Physical\HW_config\4PPC70_101G_20B\AccessAndSecurity\CertificateStore\OwnCertificates\Package.pkg"
    LogicalPath="HW_config.4PPC70_101G_20B.AccessAndSecurity.CertificateStore.OwnCertificates"
    Type="Package"
    LastWriteTime="132279697120650530" />
  <Object
    Path="F:\1_Automation_projects\Vrtalka\Physical\HW_config\4PPC70_101G_20B\AccessAndSecurity\CertificateStore\OwnCertificates\Certificates\Package.pkg"
    LogicalPath="HW_config.4PPC70_101G_20B.AccessAndSecurity.CertificateStore.OwnCertificates.Certificates"
    Type="Package"
    LastWriteTime="132279697120449453" />
  <Object
    Path="F:\1_Automation_projects\Vrtalka\Physical\HW_config\4PPC70_101G_20B\AccessAndSecurity\CertificateStore\OwnCertificates\PrivateKeys\Package.pkg"
    LogicalPath="HW_config.4PPC70_101G_20B.AccessAndSecurity.CertificateStore.OwnCertificates.PrivateKeys"
    Type="Package"
    LastWriteTime="132279697120599646" />
  <Object
    Path="F:\1_Automation_projects\Vrtalka\Physical\HW_config\4PPC70_101G_20B\AccessAndSecurity\CertificateStore\ThirdPartyCertificates\Package.pkg"
    LogicalPath="HW_config.4PPC70_101G_20B.AccessAndSecurity.CertificateStore.ThirdPartyCertificates"
    Type="Package"
    LastWriteTime="132279697120849892" />
  <Object
    Path="F:\1_Automation_projects\Vrtalka\Physical\HW_config\4PPC70_101G_20B\AccessAndSecurity\CertificateStore\ThirdPartyCertificates\SoftwareCertificates\Package.pkg"
    LogicalPath="HW_config.4PPC70_101G_20B.AccessAndSecurity.CertificateStore.ThirdPartyCertificates.SoftwareCertificates"
    Type="Package"
    LastWriteTime="132279697120753468" />
  <Object
    Path="F:\1_Automation_projects\Vrtalka\Physical\HW_config\4PPC70_101G_20B\AccessAndSecurity\CertificateStore\CertificateRevocationLists\Package.pkg"
    LogicalPath="HW_config.4PPC70_101G_20B.AccessAndSecurity.CertificateStore.CertificateRevocationLists"
    Type="Package"
    LastWriteTime="132279697120953494" />
  <Object
    Path="F:\1_Automation_projects\Vrtalka\Physical\HW_config\4PPC70_101G_20B\AccessAndSecurity\CertificateStore\CertificateSigningRequests\Package.pkg"
    LogicalPath="HW_config.4PPC70_101G_20B.AccessAndSecurity.CertificateStore.CertificateSigningRequests"
    Type="Package"
    LastWriteTime="132279697121049569" />
  <Object
    Path="F:\1_Automation_projects\Vrtalka\Physical\HW_config\4PPC70_101G_20B\AccessAndSecurity\TransportLayerSecurity\Package.pkg"
    LogicalPath="HW_config.4PPC70_101G_20B.AccessAndSecurity.TransportLayerSecurity"
    Type="Package"
    LastWriteTime="132279697121300994" />
  <Object
    Path="F:\1_Automation_projects\Vrtalka\Physical\HW_config\4PPC70_101G_20B\VC\Package.pkg"
    LogicalPath="HW_config.4PPC70_101G_20B.VC"
    Type="Package"
    LastWriteTime="132279697140601484" />
  <Object
    Path="F:\1_Automation_projects\Vrtalka\Physical\HW_config\4PPC70_101G_20B\VC\4PPC70_101G_20B.dis"
    LogicalPath="HW_config.4PPC70_101G_20B.VC.4PPC70_101G_20B.dis"
    Type="File"
    LastWriteTime="132279697140802388"
    Private="false" />
  <Object
    Path="F:\1_Automation_projects\Vrtalka\Physical\HW_config\Hardware.jpg"
    LogicalPath="HW_config.Hardware.jpg"
    Type="File"
    LastWriteTime="132279697268953084"
    Private="false" />
  <Object
    Path="F:\1_Automation_projects\Vrtalka\Logical\Libraries\AsIecCon\SG4\AsIecCon.h"
    LogicalPath="AsIecCon.h"
    Type="File"
    LastWriteTime="131425858960000000"
    Private="false" />
  <Object
    Path="F:\1_Automation_projects\Vrtalka\Logical\Libraries\astime\SG4\astime.h"
    LogicalPath="astime.h"
    Type="File"
    LastWriteTime="131425859000000000"
    Private="false" />
  <Object
    Path="F:\1_Automation_projects\Vrtalka\Logical\Libraries\operator\SG4\operator.h"
    LogicalPath="operator.h"
    Type="File"
    LastWriteTime="131425859040000000"
    Private="false" />
  <Object
    Path="F:\1_Automation_projects\Vrtalka\Logical\Libraries\runtime\SG4\runtime.h"
    LogicalPath="runtime.h"
    Type="File"
    LastWriteTime="131425859040000000"
    Private="false" />
</Objects>